This is pdfTeX, Version 3.14159265-2.6-1.40.16 (MiKTeX 2.9) (preloaded format=pdflatex 2016.3.12)  27 APR 2016 20:09
entering extended mode
**./Dokumentation_und_Auswertung.tex
(Dokumentation_und_Auswertung.tex
LaTeX2e <2016/02/01>
Babel <3.9q> and hyphenation patterns for 70 language(s) loaded.
("E:\Program Files\MiKTeX 2.9\tex\latex\base\article.cls"
Document Class: article 2014/09/29 v1.4h Standard LaTeX document class
("E:\Program Files\MiKTeX 2.9\tex\latex\base\size12.clo"
File: size12.clo 2014/09/29 v1.4h Standard LaTeX file (size option)
)
\c@part=\count79
\c@section=\count80
\c@subsection=\count81
\c@subsubsection=\count82
\c@paragraph=\count83
\c@subparagraph=\count84
\c@figure=\count85
\c@table=\count86
\abovecaptionskip=\skip41
\belowcaptionskip=\skip42
\bibindent=\dimen102
)
("E:\Program Files\MiKTeX 2.9\tex\latex\base\inputenc.sty"
Package: inputenc 2015/03/17 v1.2c Input encoding file
\inpenc@prehook=\toks14
\inpenc@posthook=\toks15

("E:\Program Files\MiKTeX 2.9\tex\latex\base\latin1.def"
File: latin1.def 2015/03/17 v1.2c Input encoding file
))
("E:\Program Files\MiKTeX 2.9\tex\latex\amsmath\amsmath.sty"
Package: amsmath 2016/03/03 v2.15a AMS math features
\@mathmargin=\skip43

For additional information on amsmath, use the `?' option.
("E:\Program Files\MiKTeX 2.9\tex\latex\amsmath\amstext.sty"
Package: amstext 2000/06/29 v2.01 AMS text

("E:\Program Files\MiKTeX 2.9\tex\latex\amsmath\amsgen.sty"
File: amsgen.sty 1999/11/30 v2.0 generic functions
\@emptytoks=\toks16
\ex@=\dimen103
))
("E:\Program Files\MiKTeX 2.9\tex\latex\amsmath\amsbsy.sty"
Package: amsbsy 1999/11/29 v1.2d Bold Symbols
\pmbraise@=\dimen104
)
("E:\Program Files\MiKTeX 2.9\tex\latex\amsmath\amsopn.sty"
Package: amsopn 1999/12/14 v2.01 operator names
)
\inf@bad=\count87
LaTeX Info: Redefining \frac on input line 199.
\uproot@=\count88
\leftroot@=\count89
LaTeX Info: Redefining \overline on input line 297.
\classnum@=\count90
\DOTSCASE@=\count91
LaTeX Info: Redefining \ldots on input line 394.
LaTeX Info: Redefining \dots on input line 397.
LaTeX Info: Redefining \cdots on input line 518.
\Mathstrutbox@=\box26
\strutbox@=\box27
\big@size=\dimen105
LaTeX Font Info:    Redeclaring font encoding OML on input line 630.
LaTeX Font Info:    Redeclaring font encoding OMS on input line 631.
\macc@depth=\count92
\c@MaxMatrixCols=\count93
\dotsspace@=\muskip10
\c@parentequation=\count94
\dspbrk@lvl=\count95
\tag@help=\toks17
\row@=\count96
\column@=\count97
\maxfields@=\count98
\andhelp@=\toks18
\eqnshift@=\dimen106
\alignsep@=\dimen107
\tagshift@=\dimen108
\tagwidth@=\dimen109
\totwidth@=\dimen110
\lineht@=\dimen111
\@envbody=\toks19
\multlinegap=\skip44
\multlinetaggap=\skip45
\mathdisplay@stack=\toks20
LaTeX Info: Redefining \[ on input line 2735.
LaTeX Info: Redefining \] on input line 2736.
)
("E:\Program Files\MiKTeX 2.9\tex\latex\amsfonts\amsfonts.sty"
Package: amsfonts 2013/01/14 v3.01 Basic AMSFonts support
\symAMSa=\mathgroup4
\symAMSb=\mathgroup5
LaTeX Font Info:    Overwriting math alphabet `\mathfrak' in version `bold'
(Font)                  U/euf/m/n --> U/euf/b/n on input line 106.
)
("E:\Program Files\MiKTeX 2.9\tex\latex\amsfonts\amssymb.sty"
Package: amssymb 2013/01/14 v3.01 AMS font symbols
)
("E:\Program Files\MiKTeX 2.9\tex\latex\graphics\graphicx.sty"
Package: graphicx 2014/10/28 v1.0g Enhanced LaTeX Graphics (DPC,SPQR)

("E:\Program Files\MiKTeX 2.9\tex\latex\graphics\keyval.sty"
Package: keyval 2014/10/28 v1.15 key=value parser (DPC)
\KV@toks@=\toks21
)
("E:\Program Files\MiKTeX 2.9\tex\latex\graphics\graphics.sty"
Package: graphics 2016/01/03 v1.0q Standard LaTeX Graphics (DPC,SPQR)

("E:\Program Files\MiKTeX 2.9\tex\latex\graphics\trig.sty"
Package: trig 2016/01/03 v1.10 sin cos tan (DPC)
)
("E:\Program Files\MiKTeX 2.9\tex\latex\00miktex\graphics.cfg"
File: graphics.cfg 2010/04/23 v1.9 graphics configuration of TeX Live
)
Package graphics Info: Driver file: pdftex.def on input line 95.

("E:\Program Files\MiKTeX 2.9\tex\latex\pdftex-def\pdftex.def"
File: pdftex.def 2011/05/27 v0.06d Graphics/color for pdfTeX

("E:\Program Files\MiKTeX 2.9\tex\generic\oberdiek\infwarerr.sty"
Package: infwarerr 2010/04/08 v1.3 Providing info/warning/error messages (HO)
)
("E:\Program Files\MiKTeX 2.9\tex\generic\oberdiek\ltxcmds.sty"
Package: ltxcmds 2011/11/09 v1.22 LaTeX kernel commands for general use (HO)
)
\Gread@gobject=\count99
))
\Gin@req@height=\dimen112
\Gin@req@width=\dimen113
)
("E:\Program Files\MiKTeX 2.9\tex\generic\babel\babel.sty"
Package: babel 2016/02/09 3.9q The Babel package

*************************************
* Local config file bblopts.cfg used
*
("E:\Program Files\MiKTeX 2.9\tex\latex\00miktex\bblopts.cfg"
File: bblopts.cfg 2006/07/31 v1.0 MiKTeX 'babel' configuration
)
("E:\Program Files\MiKTeX 2.9\tex\latex\babel-german\ngerman.ldf"
Language: ngerman 2013/12/13 v2.7 German support for babel (new orthography)

("E:\Program Files\MiKTeX 2.9\tex\latex\babel-german\ngermanb.ldf"
Language: ngermanb 2013/12/13 v2.7 German support for babel (new orthography)

("E:\Program Files\MiKTeX 2.9\tex\generic\babel\babel.def"
File: babel.def 2016/02/09 3.9q Babel common definitions
\babel@savecnt=\count100
\U@D=\dimen114
)
\l@naustrian = a dialect from \language\l@ngerman 
\l@nswissgerman = a dialect from \language\l@ngerman 
Package babel Info: Making " an active character on input line 88.
)))
(Dokumentation_und_Auswertung.aux)
\openout1 = `Dokumentation_und_Auswertung.aux'.

LaTeX Font Info:    Checking defaults for OML/cmm/m/it on input line 14.
LaTeX Font Info:    ... okay on input line 14.
LaTeX Font Info:    Checking defaults for T1/cmr/m/n on input line 14.
LaTeX Font Info:    ... okay on input line 14.
LaTeX Font Info:    Checking defaults for OT1/cmr/m/n on input line 14.
LaTeX Font Info:    ... okay on input line 14.
LaTeX Font Info:    Checking defaults for OMS/cmsy/m/n on input line 14.
LaTeX Font Info:    ... okay on input line 14.
LaTeX Font Info:    Checking defaults for OMX/cmex/m/n on input line 14.
LaTeX Font Info:    ... okay on input line 14.
LaTeX Font Info:    Checking defaults for U/cmr/m/n on input line 14.
LaTeX Font Info:    ... okay on input line 14.

(C:\Users\Samy\AppData\Roaming\MiKTeX\2.9\tex\context\base\supp-pdf.mkii
[Loading MPS to PDF converter (version 2006.09.02).]
\scratchcounter=\count101
\scratchdimen=\dimen115
\scratchbox=\box28
\nofMPsegments=\count102
\nofMParguments=\count103
\everyMPshowfont=\toks22
\MPscratchCnt=\count104
\MPscratchDim=\dimen116
\MPnumerator=\count105
\makeMPintoPDFobject=\count106
\everyMPtoPDFconversion=\toks23
) ("E:\Program Files\MiKTeX 2.9\tex\generic\oberdiek\pdftexcmds.sty"
Package: pdftexcmds 2011/11/29 v0.20 Utility functions of pdfTeX for LuaTeX (HO
)

("E:\Program Files\MiKTeX 2.9\tex\generic\oberdiek\ifluatex.sty"
Package: ifluatex 2010/03/01 v1.3 Provides the ifluatex switch (HO)
Package ifluatex Info: LuaTeX not detected.
)
("E:\Program Files\MiKTeX 2.9\tex\generic\oberdiek\ifpdf.sty"
Package: ifpdf 2011/01/30 v2.3 Provides the ifpdf switch (HO)
Package ifpdf Info: pdfTeX in PDF mode is detected.
)
Package pdftexcmds Info: LuaTeX not detected.
Package pdftexcmds Info: \pdf@primitive is available.
Package pdftexcmds Info: \pdf@ifprimitive is available.
Package pdftexcmds Info: \pdfdraftmode found.
)
("E:\Program Files\MiKTeX 2.9\tex\latex\oberdiek\epstopdf-base.sty"
Package: epstopdf-base 2010/02/09 v2.5 Base part for package epstopdf

("E:\Program Files\MiKTeX 2.9\tex\latex\oberdiek\grfext.sty"
Package: grfext 2010/08/19 v1.1 Manage graphics extensions (HO)

("E:\Program Files\MiKTeX 2.9\tex\generic\oberdiek\kvdefinekeys.sty"
Package: kvdefinekeys 2011/04/07 v1.3 Define keys (HO)
))
("E:\Program Files\MiKTeX 2.9\tex\latex\oberdiek\kvoptions.sty"
Package: kvoptions 2011/06/30 v3.11 Key value format for package options (HO)

("E:\Program Files\MiKTeX 2.9\tex\generic\oberdiek\kvsetkeys.sty"
Package: kvsetkeys 2012/04/25 v1.16 Key value parser (HO)

("E:\Program Files\MiKTeX 2.9\tex\generic\oberdiek\etexcmds.sty"
Package: etexcmds 2011/02/16 v1.5 Avoid name clashes with e-TeX commands (HO)
Package etexcmds Info: Could not find \expanded.
(etexcmds)             That can mean that you are not using pdfTeX 1.50 or
(etexcmds)             that some package has redefined \expanded.
(etexcmds)             In the latter case, load this package earlier.
)))
Package grfext Info: Graphics extension search list:
(grfext)             [.png,.pdf,.jpg,.mps,.jpeg,.jbig2,.jb2,.PNG,.PDF,.JPG,.JPE
G,.JBIG2,.JB2,.eps]
(grfext)             \AppendGraphicsExtensions on input line 452.
)
LaTeX Font Info:    Try loading font information for U+msa on input line 15.

("E:\Program Files\MiKTeX 2.9\tex\latex\amsfonts\umsa.fd"
File: umsa.fd 2013/01/14 v3.01 AMS symbols A
)
LaTeX Font Info:    Try loading font information for U+msb on input line 15.

("E:\Program Files\MiKTeX 2.9\tex\latex\amsfonts\umsb.fd"
File: umsb.fd 2013/01/14 v3.01 AMS symbols B
)
(Dokumentation_und_Auswertung.toc [1

{C:/Users/Samy/AppData/Local/MiKTeX/2.9/pdftex/config/pdftex.map}])
\tf@toc=\write3
\openout3 = `Dokumentation_und_Auswertung.toc'.

 [2] [3]
Overfull \hbox (9.25378pt too wide) in paragraph at lines 40--42
\OT1/cmr/m/n/12 Ein Da-ta-gram Socket wird in Ja-va durch ein Ob-jekt des Ty-pe
 $\OML/cmm/m/it/12 DatagramSocket$
 []


Overfull \hbox (8.90161pt too wide) in paragraph at lines 45--47
\OT1/cmr/m/n/12 ei-ner Schlei-fe ver-wen-det. $\OML/cmm/m/it/12 receive$ \OT1/c
mr/m/n/12 ist ei-ne "blocking-Me-tho-de, die die Ausf[]uhrung
 []

[4]
Overfull \hbox (10.56384pt too wide) in paragraph at lines 66--67
\OT1/cmr/m/n/12 Adresse und -Port an-ge-ge-ben wer-den, da das Pa-ket hier nich
t nur als Empf[]anger
 []


Overfull \hbox (13.83548pt too wide) in paragraph at lines 66--67
\OT1/cmr/m/n/12 dient. Wei-ters wer-den beim Sen-den kei-ne Adres-se und Port a
n-ge-ge-ben, s[]amtliche
 []


Overfull \hbox (34.00363pt too wide) in paragraph at lines 69--71
\OT1/cmr/m/n/12 Zeitmessung er-folgt mit zwei long-Variablen, de-nen mit $\OML/
cmm/m/it/12 System:currentTimeMillis$
 []

[5] [6]
LaTeX Font Info:    Try loading font information for OMS+cmr on input line 85.
 ("E:\Program Files\MiKTeX 2.9\tex\latex\base\omscmr.fd"
File: omscmr.fd 2014/09/29 v2.5h Standard LaTeX font definitions
)
LaTeX Font Info:    Font shape `OMS/cmr/m/n' in size <12> not available
(Font)              Font shape `OMS/cmsy/m/n' tried instead on input line 85.

Overfull \hbox (19.70193pt too wide) in paragraph at lines 92--93
\OT1/cmr/m/n/12 In C wird mit $\OML/cmm/m/it/12 socket\OT1/cmr/m/n/12 (\OML/cmm
/m/it/12 AF[]INET; SOCK[]DGRAM; \OT1/cmr/m/n/12 0)$ ein neu-er IPv4-Datagram-
 []

[7] [8] [9] <c.png, id=36, 838.63312pt x 502.87875pt>
File: c.png Graphic file (type png)
 <use c.png>
Package pdftex.def Info: c.png used on input line 138.
(pdftex.def)             Requested size: 390.0pt x 233.85922pt.

Underfull \hbox (badness 10000) in paragraph at lines 136--139

 []

<java.png, id=37, 839.38594pt x 503.63156pt>
File: java.png Graphic file (type png)
 <use java.png>
Package pdftex.def Info: java.png used on input line 143.
(pdftex.def)             Requested size: 390.0pt x 234.00182pt.
 [10 <./c.png>]
[11 <./java.png>] [12]
<images_ass2/java2java1.png, id=47, 614.295pt x 398.99063pt>
File: images_ass2/java2java1.png Graphic file (type png)

<use images_ass2/java2java1.png>
Package pdftex.def Info: images_ass2/java2java1.png used on input line 171.
(pdftex.def)             Requested size: 390.0pt x 253.31361pt.

<images_ass2/java2java2.png, id=48, 614.295pt x 346.29375pt>
File: images_ass2/java2java2.png Graphic file (type png)

<use images_ass2/java2java2.png>
Package pdftex.def Info: images_ass2/java2java2.png used on input line 172.
(pdftex.def)             Requested size: 390.0pt x 219.85709pt.

Underfull \hbox (badness 10000) in paragraph at lines 170--173

 []

[13] <images_ass2/c2c1.png, id=53, 614.295pt x 377.91188pt>
File: images_ass2/c2c1.png Graphic file (type png)

<use images_ass2/c2c1.png>
Package pdftex.def Info: images_ass2/c2c1.png used on input line 175.
(pdftex.def)             Requested size: 390.0pt x 239.931pt.

<images_ass2/c2c2.png, id=54, 618.05907pt x 361.35pt>
File: images_ass2/c2c2.png Graphic file (type png)

<use images_ass2/c2c2.png>
Package pdftex.def Info: images_ass2/c2c2.png used on input line 176.
(pdftex.def)             Requested size: 390.0pt x 228.02112pt.

Underfull \hbox (badness 10000) in paragraph at lines 174--177

 []


Underfull \hbox (badness 10000) in paragraph at lines 174--177

 []

[14 <./images_ass2/java2java1.png> <./images_ass2/java2java2.png>]
<images_ass2/java2c1.png, id=58, 614.295pt x 349.305pt>
File: images_ass2/java2c1.png Graphic file (type png)

<use images_ass2/java2c1.png>
Package pdftex.def Info: images_ass2/java2c1.png used on input line 180.
(pdftex.def)             Requested size: 390.0pt x 221.76889pt.

<images_ass2/java2c2.png, id=59, 614.295pt x 353.06906pt>
File: images_ass2/java2c2.png Graphic file (type png)

<use images_ass2/java2c2.png>
Package pdftex.def Info: images_ass2/java2c2.png used on input line 181.
(pdftex.def)             Requested size: 390.0pt x 224.15865pt.

Underfull \hbox (badness 10000) in paragraph at lines 179--182

 []


Underfull \hbox (badness 10000) in paragraph at lines 179--182

 []

[15 <./images_ass2/c2c1.png> <./images_ass2/c2c2.png>]
<images_ass2/c2java1.png, id=63, 614.295pt x 381.67593pt>
File: images_ass2/c2java1.png Graphic file (type png)

<use images_ass2/c2java1.png>
Package pdftex.def Info: images_ass2/c2java1.png used on input line 185.
(pdftex.def)             Requested size: 390.0pt x 242.32076pt.

<images_ass2/c2java2.png, id=64, 614.295pt x 389.20406pt>
File: images_ass2/c2java2.png Graphic file (type png)

<use images_ass2/c2java2.png>
Package pdftex.def Info: images_ass2/c2java2.png used on input line 186.
(pdftex.def)             Requested size: 390.0pt x 247.10025pt.

Underfull \hbox (badness 10000) in paragraph at lines 184--187

 []


Underfull \hbox (badness 10000) in paragraph at lines 184--187

 []

[16 <./images_ass2/java2c1.png> <./images_ass2/java2c2.png>] [17 <./images_ass2
/c2java1.png>] [18 <./images_ass2/c2java2.png>]
(Dokumentation_und_Auswertung.aux) ) 
Here is how much of TeX's memory you used:
 2974 strings out of 493622
 39639 string characters out of 3143647
 106371 words of memory out of 3000000
 6308 multiletter control sequences out of 15000+200000
 12403 words of font info for 48 fonts, out of 3000000 for 9000
 1025 hyphenation exceptions out of 8191
 38i,6n,24p,923b,235s stack positions out of 5000i,500n,10000p,200000b,50000s
<E:/Program Files/MiKTeX 2.9/fonts/type1/pu
blic/amsfonts/cm/cmbx12.pfb><E:/Program Files/MiKTeX 2.9/fonts/type1/public/ams
fonts/cm/cmmi12.pfb><E:/Program Files/MiKTeX 2.9/fonts/type1/public/amsfonts/cm
/cmmi8.pfb><E:/Program Files/MiKTeX 2.9/fonts/type1/public/amsfonts/cm/cmr12.pf
b><E:/Program Files/MiKTeX 2.9/fonts/type1/public/amsfonts/cm/cmr17.pfb><E:/Pro
gram Files/MiKTeX 2.9/fonts/type1/public/amsfonts/cm/cmsy10.pfb>
Output written on Dokumentation_und_Auswertung.pdf (18 pages, 275742 bytes).
PDF statistics:
 94 PDF objects out of 1000 (max. 8388607)
 0 named destinations out of 1000 (max. 500000)
 51 words of extra memory for PDF output out of 10000 (max. 10000000)

